-------------------------------------------------------------------------------
Test set: com.example.ContactService.ContactTest
-------------------------------------------------------------------------------
Tests run: 2, Failures: 1, Errors: 0, Skipped: 0, Time elapsed: 0.001 s <<< FAILURE! - in com.example.ContactService.ContactTest
testInvalidContactCreation  Time elapsed: 0 s  <<< FAILURE!
org.opentest4j.AssertionFailedError: Expected java.lang.IllegalArgumentException to be thrown, but nothing was thrown.
	at com.example.ContactService.ContactTest.testInvalidContactCreation(ContactTest.java:27)

